\BOOKMARK [0][-]{label:frontpage.0}{Front page}{}% 1
\BOOKMARK [1][-]{section.0.1}{0.1 Synopsis}{label:frontpage.0}% 2
\BOOKMARK [0][-]{label:contents.0}{Contents}{}% 3
\BOOKMARK [0][-]{chapter*.2}{Forord}{}% 4
\BOOKMARK [0][-]{chapter.1}{1 Indledning}{}% 5
\BOOKMARK [0][-]{chapter.2}{2 Problemformulering}{}% 6
\BOOKMARK [1][-]{section.2.1}{2.1 Afgr\346nsning}{chapter.2}% 7
\BOOKMARK [0][-]{chapter.3}{3 Analyse}{}% 8
\BOOKMARK [1][-]{section.3.1}{3.1 L\370sningforslag}{chapter.3}% 9
\BOOKMARK [0][-]{chapter.4}{4 Sonnenfelsplatz i byen Graz i \330strig kontra Nytorv/\330ster\345gade i byen Aalborg i Danmark}{}% 10
\BOOKMARK [0][-]{chapter.5}{5 Diskussion}{}% 11
\BOOKMARK [0][-]{chapter.6}{6 Konklusion}{}% 12
\BOOKMARK [0][-]{chapter*.4}{Bibliografi}{}% 13
\BOOKMARK [0][-]{appendix.A}{A Interviews}{}% 14
\BOOKMARK [0][-]{appendix.B}{B \305DT udregninger}{}% 15
\BOOKMARK [1][-]{subsection.B.0.1}{B.0.1 Cyklernes samlede \305DT p\345 Nytorv i Aalborg:}{appendix.B}% 16
\BOOKMARK [2][-]{subsection.B.0.2}{B.0.2 \305DT for cykler fra Boulevarden mod Havnen}{subsection.B.0.1}% 17
\BOOKMARK [2][-]{subsection.B.0.3}{B.0.3 \305DT for cykler fra Boulevarden mod Nytorv}{subsection.B.0.1}% 18
\BOOKMARK [2][-]{subsection.B.0.4}{B.0.4 \305DT for cykler fra Nytorv mod Boulevarden}{subsection.B.0.1}% 19
\BOOKMARK [2][-]{subsection.B.0.5}{B.0.5 \305DT for cykler fra Nytorv mod Havnen}{subsection.B.0.1}% 20
\BOOKMARK [2][-]{subsection.B.0.6}{B.0.6 \305DT for cykler fra Havnen mod Boulevarden}{subsection.B.0.1}% 21
\BOOKMARK [2][-]{subsection.B.0.7}{B.0.7 \305DT for cykler fra Havnen mod Nytorv}{subsection.B.0.1}% 22
\BOOKMARK [2][-]{subsection.B.0.8}{B.0.8 Bilernes samlede \305DT p\345 Nytorv i Aalborg}{subsection.B.0.1}% 23
\BOOKMARK [2][-]{subsection.B.0.9}{B.0.9 \040\305DT for biler fra Boulevarden mod Havnen}{subsection.B.0.1}% 24
\BOOKMARK [2][-]{subsection.B.0.10}{B.0.10 \040\305DT for biler fra Boulevarden mod Nytorv}{subsection.B.0.1}% 25
\BOOKMARK [2][-]{subsection.B.0.11}{B.0.11 \040\305DT for biler fra Nytorv mod Boulevarden}{subsection.B.0.1}% 26
\BOOKMARK [2][-]{subsection.B.0.12}{B.0.12 \040\305DT for biler fra Nytorv mod Havnen}{subsection.B.0.1}% 27
\BOOKMARK [2][-]{subsection.B.0.13}{B.0.13 \040\305DT for biler fra Havnen mod Boulevarden}{subsection.B.0.1}% 28
\BOOKMARK [2][-]{subsection.B.0.14}{B.0.14 \040\305DT for biler fra Havnen mod Nytorv}{subsection.B.0.1}% 29
\BOOKMARK [0][-]{appendix.C}{C T\346lleskema}{}% 30
